
# 550ms user time, 20ms system time, 30.55M rss, 37.53M vsz
# Current date: Sat Aug 21 11:47:14 2021
# Hostname: ip-192-168-0-11
# Files: /var/log/mysql/mariadb-slow.log
# Overall: 5.09k total, 10 unique, 39.77 QPS, 4.21x concurrency __________
# Time range: 2021-08-21 11:42:29 to 11:44:37
# Attribute          total     min     max     avg     95%  stddev  median
# ============     ======= ======= ======= ======= ======= ======= =======
# Exec time           539s   135us   542ms   106ms   266ms    90ms    82ms
# Lock time          373ms     5us    27ms    73us    76us   717us    11us
# Rows sent        416.88k       0   1.49k   83.87  441.81  198.79    0.99
# Rows examine     126.57M       2  69.40k  25.46k  65.68k  21.96k  17.59k
# Rows affecte           0       0       0       0       0       0       0
# Bytes sent        76.17M      63 253.55k  15.32k  76.03k  32.13k  755.64
# Query size       588.57k      50     270  118.41  124.25   17.05  124.25

# Profile
# Rank Query ID                       Response time  Calls R/Call V/M   It
# ==== ============================== ============== ===== ====== ===== ==
#    1 0x8155B89FFD74A9D523D19AC40... 394.9531 73.3%  2493 0.1584  0.05 SELECT isu_condition
#    2 0x931A992E852C61FC6D46141A3... 136.3586 25.3%  2149 0.0635  0.06 SELECT isu_condition
# MISC 0xMISC                           7.4834  1.4%   448 0.0167   0.0 <8 ITEMS>

# Query 1: 33.69 QPS, 5.34x concurrency, ID 0x8155B89FFD74A9D523D19AC409FD97AF at byte 1579722
# This item is included in the report because it matches --limit.
# Scores: V/M = 0.05
# Time range: 2021-08-21 11:43:23 to 11:44:37
# Attribute    pct   total     min     max     avg     95%  stddev  median
# ============ === ======= ======= ======= ======= ======= ======= =======
# Count         48    2493
# Exec time     73    395s   212us   542ms   158ms   293ms    88ms   163ms
# Lock time     54   204ms     5us    27ms    81us    69us   884us    11us
# Rows sent      0   2.38k       0       1    0.98    0.99    0.14    0.99
# Rows examine  75  95.16M     619  67.85k  39.09k  65.68k  20.39k  40.32k
# Rows affecte   0       0       0       0       0       0       0       0
# Bytes sent     2   1.76M     589     778  740.74  755.64   26.68  719.66
# Query size    51 304.32k     125     125     125     125       0     125
# String:
# Databases    isucondition
# Hosts        localhost
# Users        isucon
# Query_time distribution
#   1us
#  10us
# 100us  #
#   1ms  ####
#  10ms  ###############
# 100ms  ################################################################
#    1s
#  10s+
# Tables
#    SHOW TABLE STATUS FROM `isucondition` LIKE 'isu_condition'\G
#    SHOW CREATE TABLE `isucondition`.`isu_condition`\G
# EXPLAIN /*!50100 PARTITIONS*/
SELECT * FROM `isu_condition` WHERE `jia_isu_uuid` = '169150f2-4010-409b-b9db-1ba63de881a0' ORDER BY `timestamp` DESC LIMIT 1\G

# Query 2: 29.44 QPS, 1.87x concurrency, ID 0x931A992E852C61FC6D46141A39DEF4FE at byte 1512105
# This item is included in the report because it matches --limit.
# Scores: V/M = 0.06
# Time range: 2021-08-21 11:43:24 to 11:44:37
# Attribute    pct   total     min     max     avg     95%  stddev  median
# ============ === ======= ======= ======= ======= ======= ======= =======
# Count         42    2149
# Exec time     25    136s   223us   378ms    63ms   189ms    62ms    44ms
# Lock time     37   140ms     7us    12ms    65us    84us   474us    11us
# Rows sent     94 395.88k       0   1.49k  188.64  719.66  272.12   69.19
# Rows examine  23  30.02M     624  69.40k  14.30k  51.46k  15.20k   9.33k
# Rows affecte   0       0       0       0       0       0       0       0
# Bytes sent    79  60.82M     589 253.55k  28.98k 112.33k  41.57k  10.80k
# Query size    41 241.34k     115     115     115     115       0     115
# String:
# Databases    isucondition
# Hosts        localhost
# Users        isucon
# Query_time distribution
#   1us
#  10us
# 100us  #####
#   1ms  ##############
#  10ms  ################################################################
# 100ms  ########################
#    1s
#  10s+
# Tables
#    SHOW TABLE STATUS FROM `isucondition` LIKE 'isu_condition'\G
#    SHOW CREATE TABLE `isucondition`.`isu_condition`\G
# EXPLAIN /*!50100 PARTITIONS*/
SELECT * FROM `isu_condition` WHERE `jia_isu_uuid` = '22a9ca41-7735-498b-8a8c-0dfa42b7bdfd' ORDER BY timestamp DESC\G
